{"/home/ferenc/Projects/Complete React Developer in 2023/robofriends-testing/src/actions.js": {"path":"/home/ferenc/Projects/Complete React Developer in 2023/robofriends-testing/src/actions.js","statementMap":{"0":{"start":{"line":9,"column":30},"end":{"line":9,"column":85}},"1":{"start":{"line":9,"column":41},"end":{"line":9,"column":84}},"2":{"start":{"line":11,"column":29},"end":{"line":16,"column":1}},"3":{"start":{"line":11,"column":35},"end":{"line":16,"column":1}},"4":{"start":{"line":12,"column":2},"end":{"line":12,"column":44}},"5":{"start":{"line":13,"column":2},"end":{"line":15,"column":78}},"6":{"start":{"line":14,"column":18},"end":{"line":14,"column":75}},"7":{"start":{"line":15,"column":20},"end":{"line":15,"column":77}}},"fnMap":{"0":{"name":"(anonymous_0)","decl":{"start":{"line":9,"column":30},"end":{"line":9,"column":31}},"loc":{"start":{"line":9,"column":41},"end":{"line":9,"column":84}},"line":9},"1":{"name":"(anonymous_1)","decl":{"start":{"line":11,"column":29},"end":{"line":11,"column":30}},"loc":{"start":{"line":11,"column":35},"end":{"line":16,"column":1}},"line":11},"2":{"name":"(anonymous_2)","decl":{"start":{"line":11,"column":35},"end":{"line":11,"column":36}},"loc":{"start":{"line":11,"column":49},"end":{"line":16,"column":1}},"line":11},"3":{"name":"(anonymous_3)","decl":{"start":{"line":14,"column":10},"end":{"line":14,"column":11}},"loc":{"start":{"line":14,"column":18},"end":{"line":14,"column":75}},"line":14},"4":{"name":"(anonymous_4)","decl":{"start":{"line":15,"column":11},"end":{"line":15,"column":12}},"loc":{"start":{"line":15,"column":20},"end":{"line":15,"column":77}},"line":15}},"branchMap":{},"s":{"0":1,"1":1,"2":1,"3":1,"4":1,"5":1,"6":0,"7":0},"f":{"0":1,"1":1,"2":1,"3":0,"4":0},"b":{},"_coverageSchema":"1a1c01bbd47fc00a2c39e90264f33305004495a9","hash":"d8db54f70ee6d94197b3f47bcbe618ff61514cfc"}
,"/home/ferenc/Projects/Complete React Developer in 2023/robofriends-testing/src/constants.js": {"path":"/home/ferenc/Projects/Complete React Developer in 2023/robofriends-testing/src/constants.js","statementMap":{"0":{"start":{"line":1,"column":34},"end":{"line":1,"column":54}},"1":{"start":{"line":3,"column":38},"end":{"line":3,"column":62}},"2":{"start":{"line":4,"column":38},"end":{"line":4,"column":62}},"3":{"start":{"line":5,"column":37},"end":{"line":5,"column":60}}},"fnMap":{},"branchMap":{},"s":{"0":2,"1":2,"2":2,"3":2},"f":{},"b":{},"_coverageSchema":"1a1c01bbd47fc00a2c39e90264f33305004495a9","hash":"088bf2cce1283db74a88c4643c86c87a6f2d747e"}
,"/home/ferenc/Projects/Complete React Developer in 2023/robofriends-testing/src/index.js": {"path":"/home/ferenc/Projects/Complete React Developer in 2023/robofriends-testing/src/index.js","statementMap":{"0":{"start":{"line":16,"column":15},"end":{"line":16,"column":29}},"1":{"start":{"line":18,"column":21},"end":{"line":18,"column":67}},"2":{"start":{"line":19,"column":14},"end":{"line":19,"column":71}},"3":{"start":{"line":21,"column":13},"end":{"line":21,"column":56}},"4":{"start":{"line":22,"column":0},"end":{"line":26,"column":2}}},"fnMap":{},"branchMap":{},"s":{"0":0,"1":0,"2":0,"3":0,"4":0},"f":{},"b":{}}
,"/home/ferenc/Projects/Complete React Developer in 2023/robofriends-testing/src/reducers.js": {"path":"/home/ferenc/Projects/Complete React Developer in 2023/robofriends-testing/src/reducers.js","statementMap":{"0":{"start":{"line":8,"column":27},"end":{"line":10,"column":1}},"1":{"start":{"line":12,"column":28},"end":{"line":19,"column":1}},"2":{"start":{"line":13,"column":2},"end":{"line":18,"column":3}},"3":{"start":{"line":15,"column":6},"end":{"line":15,"column":68}},"4":{"start":{"line":17,"column":6},"end":{"line":17,"column":18}},"5":{"start":{"line":21,"column":27},"end":{"line":24,"column":1}},"6":{"start":{"line":26,"column":29},"end":{"line":37,"column":1}},"7":{"start":{"line":27,"column":2},"end":{"line":36,"column":3}},"8":{"start":{"line":29,"column":6},"end":{"line":29,"column":56}},"9":{"start":{"line":31,"column":6},"end":{"line":31,"column":81}},"10":{"start":{"line":33,"column":6},"end":{"line":33,"column":62}},"11":{"start":{"line":35,"column":6},"end":{"line":35,"column":18}}},"fnMap":{"0":{"name":"(anonymous_0)","decl":{"start":{"line":12,"column":28},"end":{"line":12,"column":29}},"loc":{"start":{"line":12,"column":69},"end":{"line":19,"column":1}},"line":12},"1":{"name":"(anonymous_1)","decl":{"start":{"line":26,"column":29},"end":{"line":26,"column":30}},"loc":{"start":{"line":26,"column":70},"end":{"line":37,"column":1}},"line":26}},"branchMap":{"0":{"loc":{"start":{"line":12,"column":29},"end":{"line":12,"column":53}},"type":"default-arg","locations":[{"start":{"line":12,"column":35},"end":{"line":12,"column":53}}],"line":12},"1":{"loc":{"start":{"line":12,"column":55},"end":{"line":12,"column":64}},"type":"default-arg","locations":[{"start":{"line":12,"column":62},"end":{"line":12,"column":64}}],"line":12},"2":{"loc":{"start":{"line":13,"column":2},"end":{"line":18,"column":3}},"type":"switch","locations":[{"start":{"line":14,"column":4},"end":{"line":15,"column":68}},{"start":{"line":16,"column":4},"end":{"line":17,"column":18}}],"line":13},"3":{"loc":{"start":{"line":26,"column":30},"end":{"line":26,"column":54}},"type":"default-arg","locations":[{"start":{"line":26,"column":36},"end":{"line":26,"column":54}}],"line":26},"4":{"loc":{"start":{"line":26,"column":56},"end":{"line":26,"column":65}},"type":"default-arg","locations":[{"start":{"line":26,"column":63},"end":{"line":26,"column":65}}],"line":26},"5":{"loc":{"start":{"line":27,"column":2},"end":{"line":36,"column":3}},"type":"switch","locations":[{"start":{"line":28,"column":4},"end":{"line":29,"column":56}},{"start":{"line":30,"column":4},"end":{"line":31,"column":81}},{"start":{"line":32,"column":4},"end":{"line":33,"column":62}},{"start":{"line":34,"column":4},"end":{"line":35,"column":18}}],"line":27}},"s":{"0":1,"1":1,"2":2,"3":1,"4":1,"5":1,"6":1,"7":4,"8":1,"9":1,"10":1,"11":1},"f":{"0":2,"1":4},"b":{"0":[1],"1":[0],"2":[1,1],"3":[1],"4":[0],"5":[1,1,1,1]},"_coverageSchema":"1a1c01bbd47fc00a2c39e90264f33305004495a9","hash":"555525a3f4656ca75ba01bf7ee39ed751bf82568"}
,"/home/ferenc/Projects/Complete React Developer in 2023/robofriends-testing/src/registerServiceWorker.js": {"path":"/home/ferenc/Projects/Complete React Developer in 2023/robofriends-testing/src/registerServiceWorker.js","statementMap":{"0":{"start":{"line":11,"column":20},"end":{"line":19,"column":1}},"1":{"start":{"line":22,"column":2},"end":{"line":43,"column":3}},"2":{"start":{"line":24,"column":22},"end":{"line":24,"column":70}},"3":{"start":{"line":25,"column":4},"end":{"line":30,"column":5}},"4":{"start":{"line":29,"column":6},"end":{"line":29,"column":13}},"5":{"start":{"line":32,"column":4},"end":{"line":42,"column":7}},"6":{"start":{"line":33,"column":20},"end":{"line":33,"column":65}},"7":{"start":{"line":35,"column":6},"end":{"line":41,"column":7}},"8":{"start":{"line":37,"column":8},"end":{"line":37,"column":39}},"9":{"start":{"line":40,"column":8},"end":{"line":40,"column":31}},"10":{"start":{"line":47,"column":2},"end":{"line":72,"column":7}},"11":{"start":{"line":50,"column":6},"end":{"line":68,"column":8}},"12":{"start":{"line":51,"column":33},"end":{"line":51,"column":56}},"13":{"start":{"line":52,"column":8},"end":{"line":67,"column":10}},"14":{"start":{"line":53,"column":10},"end":{"line":66,"column":11}},"15":{"start":{"line":54,"column":12},"end":{"line":65,"column":13}},"16":{"start":{"line":59,"column":14},"end":{"line":59,"column":71}},"17":{"start":{"line":64,"column":14},"end":{"line":64,"column":64}},"18":{"start":{"line":71,"column":6},"end":{"line":71,"column":72}},"19":{"start":{"line":77,"column":2},"end":{"line":99,"column":7}},"20":{"start":{"line":80,"column":6},"end":{"line":93,"column":7}},"21":{"start":{"line":85,"column":8},"end":{"line":89,"column":11}},"22":{"start":{"line":86,"column":10},"end":{"line":88,"column":13}},"23":{"start":{"line":87,"column":12},"end":{"line":87,"column":37}},"24":{"start":{"line":92,"column":8},"end":{"line":92,"column":31}},"25":{"start":{"line":96,"column":6},"end":{"line":98,"column":8}},"26":{"start":{"line":103,"column":2},"end":{"line":107,"column":3}},"27":{"start":{"line":104,"column":4},"end":{"line":106,"column":7}},"28":{"start":{"line":105,"column":6},"end":{"line":105,"column":32}}},"fnMap":{"0":{"name":"register","decl":{"start":{"line":21,"column":24},"end":{"line":21,"column":32}},"loc":{"start":{"line":21,"column":35},"end":{"line":44,"column":1}},"line":21},"1":{"name":"(anonymous_1)","decl":{"start":{"line":32,"column":36},"end":{"line":32,"column":37}},"loc":{"start":{"line":32,"column":42},"end":{"line":42,"column":5}},"line":32},"2":{"name":"registerValidSW","decl":{"start":{"line":46,"column":9},"end":{"line":46,"column":24}},"loc":{"start":{"line":46,"column":32},"end":{"line":73,"column":1}},"line":46},"3":{"name":"(anonymous_3)","decl":{"start":{"line":49,"column":10},"end":{"line":49,"column":11}},"loc":{"start":{"line":49,"column":26},"end":{"line":69,"column":5}},"line":49},"4":{"name":"(anonymous_4)","decl":{"start":{"line":50,"column":35},"end":{"line":50,"column":36}},"loc":{"start":{"line":50,"column":41},"end":{"line":68,"column":7}},"line":50},"5":{"name":"(anonymous_5)","decl":{"start":{"line":52,"column":41},"end":{"line":52,"column":42}},"loc":{"start":{"line":52,"column":47},"end":{"line":67,"column":9}},"line":52},"6":{"name":"(anonymous_6)","decl":{"start":{"line":70,"column":11},"end":{"line":70,"column":12}},"loc":{"start":{"line":70,"column":20},"end":{"line":72,"column":5}},"line":70},"7":{"name":"checkValidServiceWorker","decl":{"start":{"line":75,"column":9},"end":{"line":75,"column":32}},"loc":{"start":{"line":75,"column":40},"end":{"line":100,"column":1}},"line":75},"8":{"name":"(anonymous_8)","decl":{"start":{"line":78,"column":10},"end":{"line":78,"column":11}},"loc":{"start":{"line":78,"column":22},"end":{"line":94,"column":5}},"line":78},"9":{"name":"(anonymous_9)","decl":{"start":{"line":85,"column":43},"end":{"line":85,"column":44}},"loc":{"start":{"line":85,"column":59},"end":{"line":89,"column":9}},"line":85},"10":{"name":"(anonymous_10)","decl":{"start":{"line":86,"column":41},"end":{"line":86,"column":42}},"loc":{"start":{"line":86,"column":47},"end":{"line":88,"column":11}},"line":86},"11":{"name":"(anonymous_11)","decl":{"start":{"line":95,"column":11},"end":{"line":95,"column":12}},"loc":{"start":{"line":95,"column":17},"end":{"line":99,"column":5}},"line":95},"12":{"name":"unregister","decl":{"start":{"line":102,"column":16},"end":{"line":102,"column":26}},"loc":{"start":{"line":102,"column":29},"end":{"line":108,"column":1}},"line":102},"13":{"name":"(anonymous_13)","decl":{"start":{"line":104,"column":39},"end":{"line":104,"column":40}},"loc":{"start":{"line":104,"column":55},"end":{"line":106,"column":5}},"line":104}},"branchMap":{"0":{"loc":{"start":{"line":12,"column":2},"end":{"line":18,"column":5}},"type":"binary-expr","locations":[{"start":{"line":12,"column":2},"end":{"line":12,"column":42}},{"start":{"line":14,"column":4},"end":{"line":14,"column":40}},{"start":{"line":16,"column":4},"end":{"line":18,"column":5}}],"line":12},"1":{"loc":{"start":{"line":22,"column":2},"end":{"line":43,"column":3}},"type":"if","locations":[{"start":{"line":22,"column":2},"end":{"line":43,"column":3}},{"start":{},"end":{}}],"line":22},"2":{"loc":{"start":{"line":22,"column":6},"end":{"line":22,"column":75}},"type":"binary-expr","locations":[{"start":{"line":22,"column":6},"end":{"line":22,"column":43}},{"start":{"line":22,"column":47},"end":{"line":22,"column":75}}],"line":22},"3":{"loc":{"start":{"line":25,"column":4},"end":{"line":30,"column":5}},"type":"if","locations":[{"start":{"line":25,"column":4},"end":{"line":30,"column":5}},{"start":{},"end":{}}],"line":25},"4":{"loc":{"start":{"line":35,"column":6},"end":{"line":41,"column":7}},"type":"if","locations":[{"start":{"line":35,"column":6},"end":{"line":41,"column":7}},{"start":{"line":38,"column":13},"end":{"line":41,"column":7}}],"line":35},"5":{"loc":{"start":{"line":53,"column":10},"end":{"line":66,"column":11}},"type":"if","locations":[{"start":{"line":53,"column":10},"end":{"line":66,"column":11}},{"start":{},"end":{}}],"line":53},"6":{"loc":{"start":{"line":54,"column":12},"end":{"line":65,"column":13}},"type":"if","locations":[{"start":{"line":54,"column":12},"end":{"line":65,"column":13}},{"start":{"line":60,"column":19},"end":{"line":65,"column":13}}],"line":54},"7":{"loc":{"start":{"line":80,"column":6},"end":{"line":93,"column":7}},"type":"if","locations":[{"start":{"line":80,"column":6},"end":{"line":93,"column":7}},{"start":{"line":90,"column":13},"end":{"line":93,"column":7}}],"line":80},"8":{"loc":{"start":{"line":81,"column":8},"end":{"line":82,"column":73}},"type":"binary-expr","locations":[{"start":{"line":81,"column":8},"end":{"line":81,"column":31}},{"start":{"line":82,"column":8},"end":{"line":82,"column":73}}],"line":81},"9":{"loc":{"start":{"line":103,"column":2},"end":{"line":107,"column":3}},"type":"if","locations":[{"start":{"line":103,"column":2},"end":{"line":107,"column":3}},{"start":{},"end":{}}],"line":103}},"s":{"0":0,"1":0,"2":0,"3":0,"4":0,"5":0,"6":0,"7":0,"8":0,"9":0,"10":0,"11":0,"12":0,"13":0,"14":0,"15":0,"16":0,"17":0,"18":0,"19":0,"20":0,"21":0,"22":0,"23":0,"24":0,"25":0,"26":0,"27":0,"28":0},"f":{"0":0,"1":0,"2":0,"3":0,"4":0,"5":0,"6":0,"7":0,"8":0,"9":0,"10":0,"11":0,"12":0,"13":0},"b":{"0":[0,0,0],"1":[0,0],"2":[0,0],"3":[0,0],"4":[0,0],"5":[0,0],"6":[0,0],"7":[0,0],"8":[0,0],"9":[0,0]}}
,"/home/ferenc/Projects/Complete React Developer in 2023/robofriends-testing/src/api/api.js": {"path":"/home/ferenc/Projects/Complete React Developer in 2023/robofriends-testing/src/api/api.js","statementMap":{"0":{"start":{"line":1,"column":23},"end":{"line":2,"column":47}},"1":{"start":{"line":2,"column":2},"end":{"line":2,"column":47}},"2":{"start":{"line":2,"column":31},"end":{"line":2,"column":46}}},"fnMap":{"0":{"name":"(anonymous_0)","decl":{"start":{"line":1,"column":23},"end":{"line":1,"column":24}},"loc":{"start":{"line":2,"column":2},"end":{"line":2,"column":47}},"line":2},"1":{"name":"(anonymous_1)","decl":{"start":{"line":2,"column":19},"end":{"line":2,"column":20}},"loc":{"start":{"line":2,"column":31},"end":{"line":2,"column":46}},"line":2}},"branchMap":{},"s":{"0":1,"1":1,"2":0},"f":{"0":1,"1":0},"b":{},"_coverageSchema":"1a1c01bbd47fc00a2c39e90264f33305004495a9","hash":"7885813d301a17fbf863911f30ca7af18a9d2ef7"}
,"/home/ferenc/Projects/Complete React Developer in 2023/robofriends-testing/src/components/Card.js": {"path":"/home/ferenc/Projects/Complete React Developer in 2023/robofriends-testing/src/components/Card.js","statementMap":{"0":{"start":{"line":3,"column":13},"end":{"line":13,"column":1}},"1":{"start":{"line":4,"column":4},"end":{"line":12,"column":6}}},"fnMap":{"0":{"name":"(anonymous_0)","decl":{"start":{"line":3,"column":13},"end":{"line":3,"column":14}},"loc":{"start":{"line":3,"column":38},"end":{"line":13,"column":1}},"line":3}},"branchMap":{},"s":{"0":3,"1":1},"f":{"0":1},"b":{},"_coverageSchema":"1a1c01bbd47fc00a2c39e90264f33305004495a9","hash":"84552a450a00d136914d88ad31ef7e7bff582160"}
,"/home/ferenc/Projects/Complete React Developer in 2023/robofriends-testing/src/components/CardList.js": {"path":"/home/ferenc/Projects/Complete React Developer in 2023/robofriends-testing/src/components/CardList.js","statementMap":{"0":{"start":{"line":4,"column":17},"end":{"line":21,"column":1}},"1":{"start":{"line":5,"column":2},"end":{"line":20,"column":4}},"2":{"start":{"line":9,"column":10},"end":{"line":16,"column":12}}},"fnMap":{"0":{"name":"(anonymous_0)","decl":{"start":{"line":4,"column":17},"end":{"line":4,"column":18}},"loc":{"start":{"line":4,"column":33},"end":{"line":21,"column":1}},"line":4},"1":{"name":"(anonymous_1)","decl":{"start":{"line":8,"column":19},"end":{"line":8,"column":20}},"loc":{"start":{"line":8,"column":32},"end":{"line":17,"column":9}},"line":8}},"branchMap":{},"s":{"0":2,"1":1,"2":1},"f":{"0":1,"1":1},"b":{},"_coverageSchema":"1a1c01bbd47fc00a2c39e90264f33305004495a9","hash":"a6ba6ad7e2777abc84f8fba086960353002c0de1"}
,"/home/ferenc/Projects/Complete React Developer in 2023/robofriends-testing/src/components/CounterButton.js": {"path":"/home/ferenc/Projects/Complete React Developer in 2023/robofriends-testing/src/components/CounterButton.js","statementMap":{"0":{"start":{"line":5,"column":4},"end":{"line":5,"column":17}},"1":{"start":{"line":6,"column":4},"end":{"line":8,"column":6}},"2":{"start":{"line":12,"column":4},"end":{"line":14,"column":5}},"3":{"start":{"line":13,"column":6},"end":{"line":13,"column":18}},"4":{"start":{"line":15,"column":4},"end":{"line":15,"column":17}},"5":{"start":{"line":19,"column":4},"end":{"line":26,"column":6}},"6":{"start":{"line":23,"column":23},"end":{"line":23,"column":73}},"7":{"start":{"line":23,"column":47},"end":{"line":23,"column":71}}},"fnMap":{"0":{"name":"(anonymous_0)","decl":{"start":{"line":4,"column":2},"end":{"line":4,"column":3}},"loc":{"start":{"line":4,"column":21},"end":{"line":9,"column":3}},"line":4},"1":{"name":"(anonymous_1)","decl":{"start":{"line":11,"column":2},"end":{"line":11,"column":3}},"loc":{"start":{"line":11,"column":46},"end":{"line":16,"column":3}},"line":11},"2":{"name":"(anonymous_2)","decl":{"start":{"line":18,"column":2},"end":{"line":18,"column":3}},"loc":{"start":{"line":18,"column":11},"end":{"line":27,"column":3}},"line":18},"3":{"name":"(anonymous_3)","decl":{"start":{"line":23,"column":17},"end":{"line":23,"column":18}},"loc":{"start":{"line":23,"column":23},"end":{"line":23,"column":73}},"line":23},"4":{"name":"(anonymous_4)","decl":{"start":{"line":23,"column":37},"end":{"line":23,"column":38}},"loc":{"start":{"line":23,"column":47},"end":{"line":23,"column":71}},"line":23}},"branchMap":{"0":{"loc":{"start":{"line":12,"column":4},"end":{"line":14,"column":5}},"type":"if","locations":[{"start":{"line":12,"column":4},"end":{"line":14,"column":5}},{"start":{},"end":{}}],"line":12}},"s":{"0":2,"1":2,"2":3,"3":3,"4":0,"5":5,"6":3,"7":3},"f":{"0":2,"1":3,"2":5,"3":3,"4":3},"b":{"0":[3,0]},"_coverageSchema":"1a1c01bbd47fc00a2c39e90264f33305004495a9","hash":"d08cb309832a790641663426d66da0fbaef647bb"}
,"/home/ferenc/Projects/Complete React Developer in 2023/robofriends-testing/src/components/ErrorBoundry.js": {"path":"/home/ferenc/Projects/Complete React Developer in 2023/robofriends-testing/src/components/ErrorBoundry.js","statementMap":{"0":{"start":{"line":5,"column":4},"end":{"line":5,"column":16}},"1":{"start":{"line":6,"column":4},"end":{"line":6,"column":36}},"2":{"start":{"line":10,"column":4},"end":{"line":10,"column":37}},"3":{"start":{"line":14,"column":4},"end":{"line":16,"column":5}},"4":{"start":{"line":15,"column":6},"end":{"line":15,"column":43}},"5":{"start":{"line":17,"column":4},"end":{"line":17,"column":30}}},"fnMap":{"0":{"name":"(anonymous_0)","decl":{"start":{"line":4,"column":2},"end":{"line":4,"column":3}},"loc":{"start":{"line":4,"column":22},"end":{"line":7,"column":3}},"line":4},"1":{"name":"(anonymous_1)","decl":{"start":{"line":9,"column":2},"end":{"line":9,"column":3}},"loc":{"start":{"line":9,"column":34},"end":{"line":11,"column":3}},"line":9},"2":{"name":"(anonymous_2)","decl":{"start":{"line":13,"column":2},"end":{"line":13,"column":3}},"loc":{"start":{"line":13,"column":12},"end":{"line":18,"column":3}},"line":13}},"branchMap":{"0":{"loc":{"start":{"line":14,"column":4},"end":{"line":16,"column":5}},"type":"if","locations":[{"start":{"line":14,"column":4},"end":{"line":16,"column":5}},{"start":{},"end":{}}],"line":14}},"s":{"0":0,"1":0,"2":0,"3":0,"4":0,"5":0},"f":{"0":0,"1":0,"2":0},"b":{"0":[0,0]},"_coverageSchema":"1a1c01bbd47fc00a2c39e90264f33305004495a9","hash":"3c36acfdf33540a28a5c47d219f7565612b21474"}
,"/home/ferenc/Projects/Complete React Developer in 2023/robofriends-testing/src/components/Header.js": {"path":"/home/ferenc/Projects/Complete React Developer in 2023/robofriends-testing/src/components/Header.js","statementMap":{"0":{"start":{"line":11,"column":4},"end":{"line":11,"column":16}},"1":{"start":{"line":14,"column":4},"end":{"line":19,"column":6}}},"fnMap":{"0":{"name":"(anonymous_0)","decl":{"start":{"line":10,"column":2},"end":{"line":10,"column":3}},"loc":{"start":{"line":10,"column":46},"end":{"line":12,"column":3}},"line":10},"1":{"name":"(anonymous_1)","decl":{"start":{"line":13,"column":2},"end":{"line":13,"column":3}},"loc":{"start":{"line":13,"column":11},"end":{"line":20,"column":3}},"line":13}},"branchMap":{},"s":{"0":0,"1":0},"f":{"0":0,"1":0},"b":{},"_coverageSchema":"1a1c01bbd47fc00a2c39e90264f33305004495a9","hash":"05cb14e58e877cba1391e627e01882980f934215"}
,"/home/ferenc/Projects/Complete React Developer in 2023/robofriends-testing/src/components/MainPage.js": {"path":"/home/ferenc/Projects/Complete React Developer in 2023/robofriends-testing/src/components/MainPage.js","statementMap":{"0":{"start":{"line":11,"column":4},"end":{"line":11,"column":33}},"1":{"start":{"line":14,"column":17},"end":{"line":19,"column":3}},"2":{"start":{"line":15,"column":36},"end":{"line":15,"column":46}},"3":{"start":{"line":16,"column":4},"end":{"line":18,"column":6}},"4":{"start":{"line":17,"column":6},"end":{"line":17,"column":74}},"5":{"start":{"line":22,"column":42},"end":{"line":22,"column":52}},"6":{"start":{"line":24,"column":4},"end":{"line":36,"column":6}}},"fnMap":{"0":{"name":"(anonymous_0)","decl":{"start":{"line":10,"column":2},"end":{"line":10,"column":3}},"loc":{"start":{"line":10,"column":22},"end":{"line":12,"column":3}},"line":10},"1":{"name":"(anonymous_1)","decl":{"start":{"line":14,"column":17},"end":{"line":14,"column":18}},"loc":{"start":{"line":14,"column":23},"end":{"line":19,"column":3}},"line":14},"2":{"name":"(anonymous_2)","decl":{"start":{"line":16,"column":25},"end":{"line":16,"column":26}},"loc":{"start":{"line":16,"column":34},"end":{"line":18,"column":5}},"line":16},"3":{"name":"(anonymous_3)","decl":{"start":{"line":21,"column":2},"end":{"line":21,"column":3}},"loc":{"start":{"line":21,"column":11},"end":{"line":37,"column":3}},"line":21}},"branchMap":{"0":{"loc":{"start":{"line":29,"column":12},"end":{"line":32,"column":27}},"type":"cond-expr","locations":[{"start":{"line":29,"column":24},"end":{"line":29,"column":40}},{"start":{"line":30,"column":12},"end":{"line":32,"column":27}}],"line":29}},"s":{"0":7,"1":7,"2":10,"3":10,"4":4,"5":7,"6":7},"f":{"0":7,"1":10,"2":4,"3":7},"b":{"0":[0,7]},"_coverageSchema":"1a1c01bbd47fc00a2c39e90264f33305004495a9","hash":"34271d323dfce20e5b22fb213cd4d13d438dfc36"}
,"/home/ferenc/Projects/Complete React Developer in 2023/robofriends-testing/src/components/Scroll.js": {"path":"/home/ferenc/Projects/Complete React Developer in 2023/robofriends-testing/src/components/Scroll.js","statementMap":{"0":{"start":{"line":3,"column":15},"end":{"line":9,"column":1}},"1":{"start":{"line":4,"column":2},"end":{"line":8,"column":4}}},"fnMap":{"0":{"name":"(anonymous_0)","decl":{"start":{"line":3,"column":15},"end":{"line":3,"column":16}},"loc":{"start":{"line":3,"column":26},"end":{"line":9,"column":1}},"line":3}},"branchMap":{},"s":{"0":1,"1":0},"f":{"0":0},"b":{},"_coverageSchema":"1a1c01bbd47fc00a2c39e90264f33305004495a9","hash":"014cde81f93dca1ac69da61aef4b0ec833bd2cc9"}
,"/home/ferenc/Projects/Complete React Developer in 2023/robofriends-testing/src/components/SearchBox.js": {"path":"/home/ferenc/Projects/Complete React Developer in 2023/robofriends-testing/src/components/SearchBox.js","statementMap":{"0":{"start":{"line":3,"column":18},"end":{"line":15,"column":1}},"1":{"start":{"line":4,"column":2},"end":{"line":14,"column":4}}},"fnMap":{"0":{"name":"(anonymous_0)","decl":{"start":{"line":3,"column":18},"end":{"line":3,"column":19}},"loc":{"start":{"line":3,"column":53},"end":{"line":15,"column":1}},"line":3}},"branchMap":{},"s":{"0":1,"1":0},"f":{"0":0},"b":{},"_coverageSchema":"1a1c01bbd47fc00a2c39e90264f33305004495a9","hash":"b0632f026a52dfeceff29aaff860e9358007340f"}
,"/home/ferenc/Projects/Complete React Developer in 2023/robofriends-testing/src/containers/App.js": {"path":"/home/ferenc/Projects/Complete React Developer in 2023/robofriends-testing/src/containers/App.js","statementMap":{"0":{"start":{"line":10,"column":24},"end":{"line":16,"column":1}},"1":{"start":{"line":11,"column":2},"end":{"line":15,"column":3}},"2":{"start":{"line":18,"column":27},"end":{"line":23,"column":1}},"3":{"start":{"line":19,"column":2},"end":{"line":22,"column":3}},"4":{"start":{"line":20,"column":31},"end":{"line":20,"column":75}},"5":{"start":{"line":21,"column":27},"end":{"line":21,"column":52}},"6":{"start":{"line":27,"column":4},"end":{"line":27,"column":38}}},"fnMap":{"0":{"name":"(anonymous_0)","decl":{"start":{"line":10,"column":24},"end":{"line":10,"column":25}},"loc":{"start":{"line":10,"column":35},"end":{"line":16,"column":1}},"line":10},"1":{"name":"(anonymous_1)","decl":{"start":{"line":18,"column":27},"end":{"line":18,"column":28}},"loc":{"start":{"line":18,"column":41},"end":{"line":23,"column":1}},"line":18},"2":{"name":"(anonymous_2)","decl":{"start":{"line":20,"column":20},"end":{"line":20,"column":21}},"loc":{"start":{"line":20,"column":31},"end":{"line":20,"column":75}},"line":20},"3":{"name":"(anonymous_3)","decl":{"start":{"line":21,"column":21},"end":{"line":21,"column":22}},"loc":{"start":{"line":21,"column":27},"end":{"line":21,"column":52}},"line":21},"4":{"name":"(anonymous_4)","decl":{"start":{"line":26,"column":2},"end":{"line":26,"column":3}},"loc":{"start":{"line":26,"column":11},"end":{"line":28,"column":3}},"line":26}},"branchMap":{},"s":{"0":0,"1":0,"2":0,"3":0,"4":0,"5":0,"6":0},"f":{"0":0,"1":0,"2":0,"3":0,"4":0},"b":{}}
}
