{"/home/ferenc/Projects/Complete React Developer in 2023/robofriends-testing/src/actions.js": {"path":"/home/ferenc/Projects/Complete React Developer in 2023/robofriends-testing/src/actions.js","statementMap":{"0":{"start":{"line":9,"column":30},"end":{"line":12,"column":2}},"1":{"start":{"line":9,"column":41},"end":{"line":12,"column":1}},"2":{"start":{"line":14,"column":29},"end":{"line":23,"column":1}},"3":{"start":{"line":14,"column":35},"end":{"line":23,"column":1}},"4":{"start":{"line":15,"column":4},"end":{"line":15,"column":47}},"5":{"start":{"line":16,"column":4},"end":{"line":22,"column":10}},"6":{"start":{"line":18,"column":12},"end":{"line":18,"column":69}},"7":{"start":{"line":21,"column":12},"end":{"line":21,"column":69}}},"fnMap":{"0":{"name":"(anonymous_0)","decl":{"start":{"line":9,"column":30},"end":{"line":9,"column":31}},"loc":{"start":{"line":9,"column":41},"end":{"line":12,"column":1}},"line":9},"1":{"name":"(anonymous_1)","decl":{"start":{"line":14,"column":29},"end":{"line":14,"column":30}},"loc":{"start":{"line":14,"column":35},"end":{"line":23,"column":1}},"line":14},"2":{"name":"(anonymous_2)","decl":{"start":{"line":14,"column":35},"end":{"line":14,"column":36}},"loc":{"start":{"line":14,"column":49},"end":{"line":23,"column":1}},"line":14},"3":{"name":"(anonymous_3)","decl":{"start":{"line":17,"column":14},"end":{"line":17,"column":15}},"loc":{"start":{"line":18,"column":12},"end":{"line":18,"column":69}},"line":18},"4":{"name":"(anonymous_4)","decl":{"start":{"line":20,"column":15},"end":{"line":20,"column":16}},"loc":{"start":{"line":21,"column":12},"end":{"line":21,"column":69}},"line":21}},"branchMap":{},"s":{"0":1,"1":1,"2":1,"3":1,"4":1,"5":1,"6":0,"7":0},"f":{"0":1,"1":1,"2":1,"3":0,"4":0},"b":{},"_coverageSchema":"1a1c01bbd47fc00a2c39e90264f33305004495a9","hash":"6dd752f09320f21af4c1d75316bbb212babf9f6e"}
,"/home/ferenc/Projects/Complete React Developer in 2023/robofriends-testing/src/constants.js": {"path":"/home/ferenc/Projects/Complete React Developer in 2023/robofriends-testing/src/constants.js","statementMap":{"0":{"start":{"line":1,"column":34},"end":{"line":1,"column":54}},"1":{"start":{"line":3,"column":38},"end":{"line":3,"column":62}},"2":{"start":{"line":4,"column":38},"end":{"line":4,"column":62}},"3":{"start":{"line":5,"column":37},"end":{"line":5,"column":60}}},"fnMap":{},"branchMap":{},"s":{"0":2,"1":2,"2":2,"3":2},"f":{},"b":{},"_coverageSchema":"1a1c01bbd47fc00a2c39e90264f33305004495a9","hash":"088bf2cce1283db74a88c4643c86c87a6f2d747e"}
,"/home/ferenc/Projects/Complete React Developer in 2023/robofriends-testing/src/index.js": {"path":"/home/ferenc/Projects/Complete React Developer in 2023/robofriends-testing/src/index.js","statementMap":{"0":{"start":{"line":16,"column":15},"end":{"line":16,"column":29}},"1":{"start":{"line":18,"column":21},"end":{"line":18,"column":69}},"2":{"start":{"line":19,"column":14},"end":{"line":19,"column":71}},"3":{"start":{"line":21,"column":13},"end":{"line":21,"column":56}},"4":{"start":{"line":22,"column":0},"end":{"line":26,"column":2}}},"fnMap":{},"branchMap":{},"s":{"0":0,"1":0,"2":0,"3":0,"4":0},"f":{},"b":{}}
,"/home/ferenc/Projects/Complete React Developer in 2023/robofriends-testing/src/reducers.js": {"path":"/home/ferenc/Projects/Complete React Developer in 2023/robofriends-testing/src/reducers.js","statementMap":{"0":{"start":{"line":8,"column":27},"end":{"line":10,"column":1}},"1":{"start":{"line":12,"column":28},"end":{"line":19,"column":1}},"2":{"start":{"line":13,"column":4},"end":{"line":18,"column":5}},"3":{"start":{"line":15,"column":12},"end":{"line":15,"column":77}},"4":{"start":{"line":17,"column":12},"end":{"line":17,"column":25}},"5":{"start":{"line":21,"column":27},"end":{"line":24,"column":1}},"6":{"start":{"line":26,"column":29},"end":{"line":40,"column":1}},"7":{"start":{"line":27,"column":4},"end":{"line":39,"column":5}},"8":{"start":{"line":29,"column":12},"end":{"line":29,"column":65}},"9":{"start":{"line":31,"column":12},"end":{"line":34,"column":15}},"10":{"start":{"line":36,"column":12},"end":{"line":36,"column":71}},"11":{"start":{"line":38,"column":12},"end":{"line":38,"column":25}}},"fnMap":{"0":{"name":"(anonymous_0)","decl":{"start":{"line":12,"column":28},"end":{"line":12,"column":29}},"loc":{"start":{"line":12,"column":73},"end":{"line":19,"column":1}},"line":12},"1":{"name":"(anonymous_1)","decl":{"start":{"line":26,"column":29},"end":{"line":26,"column":30}},"loc":{"start":{"line":26,"column":74},"end":{"line":40,"column":1}},"line":26}},"branchMap":{"0":{"loc":{"start":{"line":12,"column":29},"end":{"line":12,"column":55}},"type":"default-arg","locations":[{"start":{"line":12,"column":37},"end":{"line":12,"column":55}}],"line":12},"1":{"loc":{"start":{"line":12,"column":57},"end":{"line":12,"column":68}},"type":"default-arg","locations":[{"start":{"line":12,"column":66},"end":{"line":12,"column":68}}],"line":12},"2":{"loc":{"start":{"line":13,"column":4},"end":{"line":18,"column":5}},"type":"switch","locations":[{"start":{"line":14,"column":8},"end":{"line":15,"column":77}},{"start":{"line":16,"column":8},"end":{"line":17,"column":25}}],"line":13},"3":{"loc":{"start":{"line":26,"column":30},"end":{"line":26,"column":56}},"type":"default-arg","locations":[{"start":{"line":26,"column":38},"end":{"line":26,"column":56}}],"line":26},"4":{"loc":{"start":{"line":26,"column":58},"end":{"line":26,"column":69}},"type":"default-arg","locations":[{"start":{"line":26,"column":67},"end":{"line":26,"column":69}}],"line":26},"5":{"loc":{"start":{"line":27,"column":4},"end":{"line":39,"column":5}},"type":"switch","locations":[{"start":{"line":28,"column":8},"end":{"line":29,"column":65}},{"start":{"line":30,"column":8},"end":{"line":34,"column":15}},{"start":{"line":35,"column":8},"end":{"line":36,"column":71}},{"start":{"line":37,"column":8},"end":{"line":38,"column":25}}],"line":27}},"s":{"0":1,"1":1,"2":2,"3":1,"4":1,"5":1,"6":1,"7":4,"8":1,"9":1,"10":1,"11":1},"f":{"0":2,"1":4},"b":{"0":[1],"1":[0],"2":[1,1],"3":[1],"4":[0],"5":[1,1,1,1]},"_coverageSchema":"1a1c01bbd47fc00a2c39e90264f33305004495a9","hash":"b2b3ef1367495cb005dacfcd853685241de40cb8"}
,"/home/ferenc/Projects/Complete React Developer in 2023/robofriends-testing/src/registerServiceWorker.js": {"path":"/home/ferenc/Projects/Complete React Developer in 2023/robofriends-testing/src/registerServiceWorker.js","statementMap":{"0":{"start":{"line":11,"column":20},"end":{"line":19,"column":1}},"1":{"start":{"line":22,"column":4},"end":{"line":43,"column":5}},"2":{"start":{"line":24,"column":26},"end":{"line":24,"column":74}},"3":{"start":{"line":25,"column":8},"end":{"line":30,"column":9}},"4":{"start":{"line":29,"column":12},"end":{"line":29,"column":19}},"5":{"start":{"line":32,"column":8},"end":{"line":42,"column":11}},"6":{"start":{"line":33,"column":26},"end":{"line":33,"column":71}},"7":{"start":{"line":35,"column":12},"end":{"line":41,"column":13}},"8":{"start":{"line":37,"column":16},"end":{"line":37,"column":47}},"9":{"start":{"line":40,"column":16},"end":{"line":40,"column":39}},"10":{"start":{"line":47,"column":4},"end":{"line":74,"column":11}},"11":{"start":{"line":50,"column":12},"end":{"line":70,"column":14}},"12":{"start":{"line":51,"column":41},"end":{"line":51,"column":64}},"13":{"start":{"line":52,"column":16},"end":{"line":69,"column":18}},"14":{"start":{"line":53,"column":20},"end":{"line":68,"column":21}},"15":{"start":{"line":54,"column":24},"end":{"line":67,"column":25}},"16":{"start":{"line":59,"column":28},"end":{"line":61,"column":30}},"17":{"start":{"line":66,"column":28},"end":{"line":66,"column":78}},"18":{"start":{"line":73,"column":12},"end":{"line":73,"column":78}},"19":{"start":{"line":79,"column":4},"end":{"line":102,"column":11}},"20":{"start":{"line":82,"column":12},"end":{"line":96,"column":13}},"21":{"start":{"line":88,"column":16},"end":{"line":92,"column":19}},"22":{"start":{"line":89,"column":20},"end":{"line":91,"column":23}},"23":{"start":{"line":90,"column":24},"end":{"line":90,"column":49}},"24":{"start":{"line":95,"column":16},"end":{"line":95,"column":39}},"25":{"start":{"line":99,"column":12},"end":{"line":101,"column":14}},"26":{"start":{"line":106,"column":4},"end":{"line":110,"column":5}},"27":{"start":{"line":107,"column":8},"end":{"line":109,"column":11}},"28":{"start":{"line":108,"column":12},"end":{"line":108,"column":38}}},"fnMap":{"0":{"name":"register","decl":{"start":{"line":21,"column":24},"end":{"line":21,"column":32}},"loc":{"start":{"line":21,"column":35},"end":{"line":44,"column":1}},"line":21},"1":{"name":"(anonymous_1)","decl":{"start":{"line":32,"column":40},"end":{"line":32,"column":41}},"loc":{"start":{"line":32,"column":46},"end":{"line":42,"column":9}},"line":32},"2":{"name":"registerValidSW","decl":{"start":{"line":46,"column":9},"end":{"line":46,"column":24}},"loc":{"start":{"line":46,"column":32},"end":{"line":75,"column":1}},"line":46},"3":{"name":"(anonymous_3)","decl":{"start":{"line":49,"column":14},"end":{"line":49,"column":15}},"loc":{"start":{"line":49,"column":32},"end":{"line":71,"column":9}},"line":49},"4":{"name":"(anonymous_4)","decl":{"start":{"line":50,"column":41},"end":{"line":50,"column":42}},"loc":{"start":{"line":50,"column":47},"end":{"line":70,"column":13}},"line":50},"5":{"name":"(anonymous_5)","decl":{"start":{"line":52,"column":49},"end":{"line":52,"column":50}},"loc":{"start":{"line":52,"column":55},"end":{"line":69,"column":17}},"line":52},"6":{"name":"(anonymous_6)","decl":{"start":{"line":72,"column":15},"end":{"line":72,"column":16}},"loc":{"start":{"line":72,"column":26},"end":{"line":74,"column":9}},"line":72},"7":{"name":"checkValidServiceWorker","decl":{"start":{"line":77,"column":9},"end":{"line":77,"column":32}},"loc":{"start":{"line":77,"column":40},"end":{"line":103,"column":1}},"line":77},"8":{"name":"(anonymous_8)","decl":{"start":{"line":80,"column":14},"end":{"line":80,"column":15}},"loc":{"start":{"line":80,"column":28},"end":{"line":97,"column":9}},"line":80},"9":{"name":"(anonymous_9)","decl":{"start":{"line":88,"column":51},"end":{"line":88,"column":52}},"loc":{"start":{"line":88,"column":69},"end":{"line":92,"column":17}},"line":88},"10":{"name":"(anonymous_10)","decl":{"start":{"line":89,"column":51},"end":{"line":89,"column":52}},"loc":{"start":{"line":89,"column":57},"end":{"line":91,"column":21}},"line":89},"11":{"name":"(anonymous_11)","decl":{"start":{"line":98,"column":15},"end":{"line":98,"column":16}},"loc":{"start":{"line":98,"column":21},"end":{"line":102,"column":9}},"line":98},"12":{"name":"unregister","decl":{"start":{"line":105,"column":16},"end":{"line":105,"column":26}},"loc":{"start":{"line":105,"column":29},"end":{"line":111,"column":1}},"line":105},"13":{"name":"(anonymous_13)","decl":{"start":{"line":107,"column":43},"end":{"line":107,"column":44}},"loc":{"start":{"line":107,"column":61},"end":{"line":109,"column":9}},"line":107}},"branchMap":{"0":{"loc":{"start":{"line":12,"column":4},"end":{"line":18,"column":9}},"type":"binary-expr","locations":[{"start":{"line":12,"column":4},"end":{"line":12,"column":44}},{"start":{"line":14,"column":8},"end":{"line":14,"column":44}},{"start":{"line":16,"column":8},"end":{"line":18,"column":9}}],"line":12},"1":{"loc":{"start":{"line":22,"column":4},"end":{"line":43,"column":5}},"type":"if","locations":[{"start":{"line":22,"column":4},"end":{"line":43,"column":5}},{"start":{},"end":{}}],"line":22},"2":{"loc":{"start":{"line":22,"column":8},"end":{"line":22,"column":77}},"type":"binary-expr","locations":[{"start":{"line":22,"column":8},"end":{"line":22,"column":45}},{"start":{"line":22,"column":49},"end":{"line":22,"column":77}}],"line":22},"3":{"loc":{"start":{"line":25,"column":8},"end":{"line":30,"column":9}},"type":"if","locations":[{"start":{"line":25,"column":8},"end":{"line":30,"column":9}},{"start":{},"end":{}}],"line":25},"4":{"loc":{"start":{"line":35,"column":12},"end":{"line":41,"column":13}},"type":"if","locations":[{"start":{"line":35,"column":12},"end":{"line":41,"column":13}},{"start":{"line":38,"column":19},"end":{"line":41,"column":13}}],"line":35},"5":{"loc":{"start":{"line":53,"column":20},"end":{"line":68,"column":21}},"type":"if","locations":[{"start":{"line":53,"column":20},"end":{"line":68,"column":21}},{"start":{},"end":{}}],"line":53},"6":{"loc":{"start":{"line":54,"column":24},"end":{"line":67,"column":25}},"type":"if","locations":[{"start":{"line":54,"column":24},"end":{"line":67,"column":25}},{"start":{"line":62,"column":31},"end":{"line":67,"column":25}}],"line":54},"7":{"loc":{"start":{"line":82,"column":12},"end":{"line":96,"column":13}},"type":"if","locations":[{"start":{"line":82,"column":12},"end":{"line":96,"column":13}},{"start":{"line":93,"column":19},"end":{"line":96,"column":13}}],"line":82},"8":{"loc":{"start":{"line":83,"column":16},"end":{"line":85,"column":22}},"type":"binary-expr","locations":[{"start":{"line":83,"column":16},"end":{"line":83,"column":39}},{"start":{"line":84,"column":16},"end":{"line":85,"column":22}}],"line":83},"9":{"loc":{"start":{"line":106,"column":4},"end":{"line":110,"column":5}},"type":"if","locations":[{"start":{"line":106,"column":4},"end":{"line":110,"column":5}},{"start":{},"end":{}}],"line":106}},"s":{"0":0,"1":0,"2":0,"3":0,"4":0,"5":0,"6":0,"7":0,"8":0,"9":0,"10":0,"11":0,"12":0,"13":0,"14":0,"15":0,"16":0,"17":0,"18":0,"19":0,"20":0,"21":0,"22":0,"23":0,"24":0,"25":0,"26":0,"27":0,"28":0},"f":{"0":0,"1":0,"2":0,"3":0,"4":0,"5":0,"6":0,"7":0,"8":0,"9":0,"10":0,"11":0,"12":0,"13":0},"b":{"0":[0,0,0],"1":[0,0],"2":[0,0],"3":[0,0],"4":[0,0],"5":[0,0],"6":[0,0],"7":[0,0],"8":[0,0],"9":[0,0]}}
,"/home/ferenc/Projects/Complete React Developer in 2023/robofriends-testing/src/api/api.js": {"path":"/home/ferenc/Projects/Complete React Developer in 2023/robofriends-testing/src/api/api.js","statementMap":{"0":{"start":{"line":1,"column":23},"end":{"line":2,"column":51}},"1":{"start":{"line":2,"column":4},"end":{"line":2,"column":51}},"2":{"start":{"line":2,"column":35},"end":{"line":2,"column":50}}},"fnMap":{"0":{"name":"(anonymous_0)","decl":{"start":{"line":1,"column":23},"end":{"line":1,"column":24}},"loc":{"start":{"line":2,"column":4},"end":{"line":2,"column":51}},"line":2},"1":{"name":"(anonymous_1)","decl":{"start":{"line":2,"column":21},"end":{"line":2,"column":22}},"loc":{"start":{"line":2,"column":35},"end":{"line":2,"column":50}},"line":2}},"branchMap":{},"s":{"0":1,"1":1,"2":0},"f":{"0":1,"1":0},"b":{},"_coverageSchema":"1a1c01bbd47fc00a2c39e90264f33305004495a9","hash":"cf8ff46fd22ca2f177e67ff059f365358ae2066d"}
,"/home/ferenc/Projects/Complete React Developer in 2023/robofriends-testing/src/components/Card.js": {"path":"/home/ferenc/Projects/Complete React Developer in 2023/robofriends-testing/src/components/Card.js","statementMap":{"0":{"start":{"line":3,"column":13},"end":{"line":13,"column":1}},"1":{"start":{"line":4,"column":4},"end":{"line":12,"column":6}}},"fnMap":{"0":{"name":"(anonymous_0)","decl":{"start":{"line":3,"column":13},"end":{"line":3,"column":14}},"loc":{"start":{"line":3,"column":38},"end":{"line":13,"column":1}},"line":3}},"branchMap":{},"s":{"0":3,"1":1},"f":{"0":1},"b":{},"_coverageSchema":"1a1c01bbd47fc00a2c39e90264f33305004495a9","hash":"84552a450a00d136914d88ad31ef7e7bff582160"}
,"/home/ferenc/Projects/Complete React Developer in 2023/robofriends-testing/src/components/CardList.js": {"path":"/home/ferenc/Projects/Complete React Developer in 2023/robofriends-testing/src/components/CardList.js","statementMap":{"0":{"start":{"line":4,"column":17},"end":{"line":21,"column":1}},"1":{"start":{"line":5,"column":2},"end":{"line":20,"column":4}},"2":{"start":{"line":9,"column":10},"end":{"line":16,"column":12}}},"fnMap":{"0":{"name":"(anonymous_0)","decl":{"start":{"line":4,"column":17},"end":{"line":4,"column":18}},"loc":{"start":{"line":4,"column":33},"end":{"line":21,"column":1}},"line":4},"1":{"name":"(anonymous_1)","decl":{"start":{"line":8,"column":19},"end":{"line":8,"column":20}},"loc":{"start":{"line":8,"column":32},"end":{"line":17,"column":9}},"line":8}},"branchMap":{},"s":{"0":2,"1":1,"2":1},"f":{"0":1,"1":1},"b":{},"_coverageSchema":"1a1c01bbd47fc00a2c39e90264f33305004495a9","hash":"a6ba6ad7e2777abc84f8fba086960353002c0de1"}
,"/home/ferenc/Projects/Complete React Developer in 2023/robofriends-testing/src/components/CounterButton.js": {"path":"/home/ferenc/Projects/Complete React Developer in 2023/robofriends-testing/src/components/CounterButton.js","statementMap":{"0":{"start":{"line":5,"column":8},"end":{"line":5,"column":21}},"1":{"start":{"line":6,"column":8},"end":{"line":8,"column":10}},"2":{"start":{"line":12,"column":8},"end":{"line":14,"column":9}},"3":{"start":{"line":13,"column":12},"end":{"line":13,"column":24}},"4":{"start":{"line":15,"column":8},"end":{"line":15,"column":21}},"5":{"start":{"line":19,"column":8},"end":{"line":29,"column":10}},"6":{"start":{"line":24,"column":20},"end":{"line":24,"column":74}},"7":{"start":{"line":24,"column":46},"end":{"line":24,"column":72}}},"fnMap":{"0":{"name":"(anonymous_0)","decl":{"start":{"line":4,"column":4},"end":{"line":4,"column":5}},"loc":{"start":{"line":4,"column":23},"end":{"line":9,"column":5}},"line":4},"1":{"name":"(anonymous_1)","decl":{"start":{"line":11,"column":4},"end":{"line":11,"column":5}},"loc":{"start":{"line":11,"column":48},"end":{"line":16,"column":5}},"line":11},"2":{"name":"(anonymous_2)","decl":{"start":{"line":18,"column":4},"end":{"line":18,"column":5}},"loc":{"start":{"line":18,"column":13},"end":{"line":30,"column":5}},"line":18},"3":{"name":"(anonymous_3)","decl":{"start":{"line":23,"column":25},"end":{"line":23,"column":26}},"loc":{"start":{"line":24,"column":20},"end":{"line":24,"column":74}},"line":24},"4":{"name":"(anonymous_4)","decl":{"start":{"line":24,"column":34},"end":{"line":24,"column":35}},"loc":{"start":{"line":24,"column":46},"end":{"line":24,"column":72}},"line":24}},"branchMap":{"0":{"loc":{"start":{"line":12,"column":8},"end":{"line":14,"column":9}},"type":"if","locations":[{"start":{"line":12,"column":8},"end":{"line":14,"column":9}},{"start":{},"end":{}}],"line":12}},"s":{"0":2,"1":2,"2":3,"3":3,"4":0,"5":5,"6":3,"7":3},"f":{"0":2,"1":3,"2":5,"3":3,"4":3},"b":{"0":[3,0]},"_coverageSchema":"1a1c01bbd47fc00a2c39e90264f33305004495a9","hash":"c7a26072dec303f64a79f269ac194e1037c2be53"}
,"/home/ferenc/Projects/Complete React Developer in 2023/robofriends-testing/src/components/ErrorBoundry.js": {"path":"/home/ferenc/Projects/Complete React Developer in 2023/robofriends-testing/src/components/ErrorBoundry.js","statementMap":{"0":{"start":{"line":5,"column":8},"end":{"line":5,"column":21}},"1":{"start":{"line":6,"column":8},"end":{"line":6,"column":41}},"2":{"start":{"line":10,"column":8},"end":{"line":10,"column":42}},"3":{"start":{"line":14,"column":8},"end":{"line":16,"column":9}},"4":{"start":{"line":15,"column":12},"end":{"line":15,"column":50}},"5":{"start":{"line":17,"column":8},"end":{"line":17,"column":35}}},"fnMap":{"0":{"name":"(anonymous_0)","decl":{"start":{"line":4,"column":4},"end":{"line":4,"column":5}},"loc":{"start":{"line":4,"column":23},"end":{"line":7,"column":5}},"line":4},"1":{"name":"(anonymous_1)","decl":{"start":{"line":9,"column":4},"end":{"line":9,"column":5}},"loc":{"start":{"line":9,"column":35},"end":{"line":11,"column":5}},"line":9},"2":{"name":"(anonymous_2)","decl":{"start":{"line":13,"column":4},"end":{"line":13,"column":5}},"loc":{"start":{"line":13,"column":13},"end":{"line":18,"column":5}},"line":13}},"branchMap":{"0":{"loc":{"start":{"line":14,"column":8},"end":{"line":16,"column":9}},"type":"if","locations":[{"start":{"line":14,"column":8},"end":{"line":16,"column":9}},{"start":{},"end":{}}],"line":14}},"s":{"0":0,"1":0,"2":0,"3":0,"4":0,"5":0},"f":{"0":0,"1":0,"2":0},"b":{"0":[0,0]},"_coverageSchema":"1a1c01bbd47fc00a2c39e90264f33305004495a9","hash":"048b41e0250c09104074c55c84142d5426830e01"}
,"/home/ferenc/Projects/Complete React Developer in 2023/robofriends-testing/src/components/Header.js": {"path":"/home/ferenc/Projects/Complete React Developer in 2023/robofriends-testing/src/components/Header.js","statementMap":{"0":{"start":{"line":11,"column":8},"end":{"line":11,"column":21}},"1":{"start":{"line":14,"column":8},"end":{"line":19,"column":10}}},"fnMap":{"0":{"name":"(anonymous_0)","decl":{"start":{"line":10,"column":4},"end":{"line":10,"column":5}},"loc":{"start":{"line":10,"column":48},"end":{"line":12,"column":5}},"line":10},"1":{"name":"(anonymous_1)","decl":{"start":{"line":13,"column":4},"end":{"line":13,"column":5}},"loc":{"start":{"line":13,"column":13},"end":{"line":20,"column":5}},"line":13}},"branchMap":{},"s":{"0":0,"1":0},"f":{"0":0,"1":0},"b":{},"_coverageSchema":"1a1c01bbd47fc00a2c39e90264f33305004495a9","hash":"2e7e0068f0f44f17e08634b8ab98b46078c75a5b"}
,"/home/ferenc/Projects/Complete React Developer in 2023/robofriends-testing/src/components/MainPage.js": {"path":"/home/ferenc/Projects/Complete React Developer in 2023/robofriends-testing/src/components/MainPage.js","statementMap":{"0":{"start":{"line":11,"column":8},"end":{"line":11,"column":37}},"1":{"start":{"line":14,"column":19},"end":{"line":19,"column":5}},"2":{"start":{"line":15,"column":40},"end":{"line":15,"column":50}},"3":{"start":{"line":16,"column":8},"end":{"line":18,"column":11}},"4":{"start":{"line":17,"column":12},"end":{"line":17,"column":80}},"5":{"start":{"line":22,"column":46},"end":{"line":22,"column":56}},"6":{"start":{"line":24,"column":8},"end":{"line":38,"column":10}}},"fnMap":{"0":{"name":"(anonymous_0)","decl":{"start":{"line":10,"column":4},"end":{"line":10,"column":5}},"loc":{"start":{"line":10,"column":24},"end":{"line":12,"column":5}},"line":10},"1":{"name":"(anonymous_1)","decl":{"start":{"line":14,"column":19},"end":{"line":14,"column":20}},"loc":{"start":{"line":14,"column":25},"end":{"line":19,"column":5}},"line":14},"2":{"name":"(anonymous_2)","decl":{"start":{"line":16,"column":29},"end":{"line":16,"column":30}},"loc":{"start":{"line":16,"column":40},"end":{"line":18,"column":9}},"line":16},"3":{"name":"(anonymous_3)","decl":{"start":{"line":21,"column":4},"end":{"line":21,"column":5}},"loc":{"start":{"line":21,"column":13},"end":{"line":39,"column":5}},"line":21}},"branchMap":{"0":{"loc":{"start":{"line":29,"column":21},"end":{"line":35,"column":21}},"type":"cond-expr","locations":[{"start":{"line":30,"column":24},"end":{"line":30,"column":40}},{"start":{"line":32,"column":24},"end":{"line":34,"column":39}}],"line":29}},"s":{"0":7,"1":7,"2":10,"3":10,"4":4,"5":7,"6":7},"f":{"0":7,"1":10,"2":4,"3":7},"b":{"0":[0,7]},"_coverageSchema":"1a1c01bbd47fc00a2c39e90264f33305004495a9","hash":"fc79e6f0274072f1d8bd77bb3ea0c38c1ed01dcc"}
,"/home/ferenc/Projects/Complete React Developer in 2023/robofriends-testing/src/components/Scroll.js": {"path":"/home/ferenc/Projects/Complete React Developer in 2023/robofriends-testing/src/components/Scroll.js","statementMap":{"0":{"start":{"line":3,"column":15},"end":{"line":15,"column":1}},"1":{"start":{"line":4,"column":4},"end":{"line":14,"column":6}}},"fnMap":{"0":{"name":"(anonymous_0)","decl":{"start":{"line":3,"column":15},"end":{"line":3,"column":16}},"loc":{"start":{"line":3,"column":26},"end":{"line":15,"column":1}},"line":3}},"branchMap":{},"s":{"0":1,"1":0},"f":{"0":0},"b":{},"_coverageSchema":"1a1c01bbd47fc00a2c39e90264f33305004495a9","hash":"e5ec20ad800b5e1a2b6ec0da921821281751a28c"}
,"/home/ferenc/Projects/Complete React Developer in 2023/robofriends-testing/src/components/SearchBox.js": {"path":"/home/ferenc/Projects/Complete React Developer in 2023/robofriends-testing/src/components/SearchBox.js","statementMap":{"0":{"start":{"line":3,"column":18},"end":{"line":15,"column":1}},"1":{"start":{"line":4,"column":4},"end":{"line":14,"column":6}}},"fnMap":{"0":{"name":"(anonymous_0)","decl":{"start":{"line":3,"column":18},"end":{"line":3,"column":19}},"loc":{"start":{"line":3,"column":53},"end":{"line":15,"column":1}},"line":3}},"branchMap":{},"s":{"0":1,"1":0},"f":{"0":0},"b":{},"_coverageSchema":"1a1c01bbd47fc00a2c39e90264f33305004495a9","hash":"6c5c18e985c9ac572299909c46a10393a8497d5a"}
,"/home/ferenc/Projects/Complete React Developer in 2023/robofriends-testing/src/containers/App.js": {"path":"/home/ferenc/Projects/Complete React Developer in 2023/robofriends-testing/src/containers/App.js","statementMap":{"0":{"start":{"line":9,"column":24},"end":{"line":15,"column":1}},"1":{"start":{"line":10,"column":4},"end":{"line":14,"column":6}},"2":{"start":{"line":17,"column":27},"end":{"line":22,"column":1}},"3":{"start":{"line":18,"column":4},"end":{"line":21,"column":6}},"4":{"start":{"line":19,"column":35},"end":{"line":19,"column":79}},"5":{"start":{"line":20,"column":31},"end":{"line":20,"column":56}},"6":{"start":{"line":26,"column":8},"end":{"line":26,"column":44}}},"fnMap":{"0":{"name":"(anonymous_0)","decl":{"start":{"line":9,"column":24},"end":{"line":9,"column":25}},"loc":{"start":{"line":9,"column":35},"end":{"line":15,"column":1}},"line":9},"1":{"name":"(anonymous_1)","decl":{"start":{"line":17,"column":27},"end":{"line":17,"column":28}},"loc":{"start":{"line":17,"column":41},"end":{"line":22,"column":1}},"line":17},"2":{"name":"(anonymous_2)","decl":{"start":{"line":19,"column":24},"end":{"line":19,"column":25}},"loc":{"start":{"line":19,"column":35},"end":{"line":19,"column":79}},"line":19},"3":{"name":"(anonymous_3)","decl":{"start":{"line":20,"column":25},"end":{"line":20,"column":26}},"loc":{"start":{"line":20,"column":31},"end":{"line":20,"column":56}},"line":20},"4":{"name":"(anonymous_4)","decl":{"start":{"line":25,"column":4},"end":{"line":25,"column":5}},"loc":{"start":{"line":25,"column":13},"end":{"line":27,"column":5}},"line":25}},"branchMap":{},"s":{"0":0,"1":0,"2":0,"3":0,"4":0,"5":0,"6":0},"f":{"0":0,"1":0,"2":0,"3":0,"4":0},"b":{}}
}
